<?xml version="1.0" encoding="UTF-8"?>
<!-- Generated by org.testng.reporters.JUnitXMLReporter -->
<testsuite hostname="DESKTOP-66SGQGC" ignored="0" name="Default test" tests="4" failures="0" timestamp="09 Mar 2020 04:35:38 GMT" time="99.06" errors="0">
  <testcase name="loginToWordPress" time="26.316" classname="DataDrivenTestMO.OrangeHRMLoginDD"/>
  <testcase name="loginToWordPress" time="23.731" classname="DataDrivenTestMO.OrangeHRMLoginDD"/>
  <testcase name="loginToWordPress" time="21.351" classname="DataDrivenTestMO.OrangeHRMLoginDD"/>
  <testcase name="loginToWordPress" time="22.477" classname="DataDrivenTestMO.OrangeHRMLoginDD"/>
</testsuite> <!-- Default test -->
